[2023-11-27 23:49:39,028][__main__][INFO] - filter:
  product:
    dataproduct_type: image
    extension:
    - jpg
    - fits
    type: D
    productType:
    - PREVIEW
    - SCIENCE
  n_channels: 3
  query:
    project: JWST
    obs_collection: JWST
    dataproduct_type: image
    instrument_name:
    - NIRCAM/IMAGE
dataset_name: jwst
csv_output_path: /home/dani/dev/astro-dataset/data//extraction/jwst.csv
proposal_id_list:
- 1176
- 2738
- 1714
- 1227
- 1257
- 1685
- 1726
- 1558
- 2282
- 1176
- 4441
- 2739

[2023-11-27 23:49:39,028][__main__][INFO] - Extraction of jwst Started!
[2023-11-27 23:49:39,030][root][INFO] - Processing Proposal ID: 1176
[2023-11-27 23:49:40,046][root][INFO] - Number of Observations: 110
[2023-11-27 23:50:22,428][root][INFO] - Number of Products: 252664
[2023-11-27 23:50:27,207][root][INFO] - Number of Filtered Products: 188
[2023-11-27 23:50:27,216][root][INFO] - Joind Products and Observations Shape: (188, 51)
[2023-11-27 23:50:27,218][root][INFO] - N-Channels 3 applied. Shape: (188, 53)
[2023-11-27 23:50:27,219][root][INFO] - Processing Proposal ID: 2738
[2023-11-27 23:50:27,779][root][INFO] - Number of Observations: 84
[2023-11-27 23:52:20,023][root][INFO] - Number of Products: 945424
[2023-11-27 23:52:38,221][root][INFO] - Number of Filtered Products: 168
[2023-11-27 23:52:38,229][root][INFO] - Joind Products and Observations Shape: (168, 51)
[2023-11-27 23:52:38,231][root][INFO] - N-Channels 3 applied. Shape: (168, 53)
[2023-11-27 23:52:38,231][root][INFO] - Processing Proposal ID: 1714
[2023-11-27 23:52:38,430][root][INFO] - Number of Observations: 2
[2023-11-27 23:52:41,998][root][INFO] - Number of Products: 15192
[2023-11-27 23:52:42,298][root][INFO] - Number of Filtered Products: 4
[2023-11-27 23:52:42,306][root][INFO] - Joind Products and Observations Shape: (4, 51)
[2023-11-27 23:52:42,308][root][INFO] - N-Channels 3 applied. Shape: (0, 53)
[2023-11-27 23:52:42,309][root][INFO] - Processing Proposal ID: 1227
[2023-11-27 23:52:42,507][root][INFO] - Number of Observations: 45
[2023-11-27 23:52:58,345][root][INFO] - Number of Products: 136050
[2023-11-27 23:53:00,947][root][INFO] - Number of Filtered Products: 90
[2023-11-27 23:53:00,957][root][INFO] - Joind Products and Observations Shape: (90, 51)
[2023-11-27 23:53:00,960][root][INFO] - N-Channels 3 applied. Shape: (90, 53)
[2023-11-27 23:53:00,960][root][INFO] - Processing Proposal ID: 1257
[2023-11-27 23:53:01,698][root][INFO] - Number of Observations: 9
[2023-11-27 23:53:05,544][root][INFO] - Number of Products: 30364
[2023-11-27 23:53:06,117][root][INFO] - Number of Filtered Products: 18
[2023-11-27 23:53:06,125][root][INFO] - Joind Products and Observations Shape: (18, 51)
[2023-11-27 23:53:06,127][root][INFO] - N-Channels 3 applied. Shape: (18, 53)
[2023-11-27 23:53:06,127][root][INFO] - Processing Proposal ID: 1685
[2023-11-27 23:53:06,315][root][INFO] - Number of Observations: 54
[2023-11-27 23:53:18,709][root][INFO] - Number of Products: 94764
[2023-11-27 23:53:20,506][root][INFO] - Number of Filtered Products: 108
[2023-11-27 23:53:20,514][root][INFO] - Joind Products and Observations Shape: (108, 51)
[2023-11-27 23:53:20,516][root][INFO] - N-Channels 3 applied. Shape: (108, 53)
[2023-11-27 23:53:20,516][root][INFO] - Processing Proposal ID: 1726
[2023-11-27 23:53:20,684][root][INFO] - Number of Observations: 8
[2023-11-27 23:53:26,766][root][INFO] - Number of Products: 50088
[2023-11-27 23:53:27,706][root][INFO] - Number of Filtered Products: 16
[2023-11-27 23:53:27,713][root][INFO] - Joind Products and Observations Shape: (16, 51)
[2023-11-27 23:53:27,715][root][INFO] - N-Channels 3 applied. Shape: (16, 53)
[2023-11-27 23:53:27,715][root][INFO] - Processing Proposal ID: 1558
[2023-11-27 23:53:27,885][root][INFO] - Number of Observations: 4
[2023-11-27 23:53:30,165][root][INFO] - Number of Products: 12624
[2023-11-27 23:53:30,417][root][INFO] - Number of Filtered Products: 8
[2023-11-27 23:53:30,424][root][INFO] - Joind Products and Observations Shape: (8, 51)
[2023-11-27 23:53:30,426][root][INFO] - N-Channels 3 applied. Shape: (8, 53)
[2023-11-27 23:53:30,427][root][INFO] - Processing Proposal ID: 2282
[2023-11-27 23:53:30,604][root][INFO] - Number of Observations: 12
[2023-11-27 23:53:34,706][root][INFO] - Number of Products: 27316
[2023-11-27 23:53:35,241][root][INFO] - Number of Filtered Products: 24
[2023-11-27 23:53:35,249][root][INFO] - Joind Products and Observations Shape: (24, 51)
[2023-11-27 23:53:35,250][root][INFO] - N-Channels 3 applied. Shape: (24, 53)
[2023-11-27 23:53:35,251][root][INFO] - Processing Proposal ID: 1176
[2023-11-27 23:53:35,378][root][INFO] - Number of Observations: 110
[2023-11-27 23:53:53,008][root][INFO] - Number of Products: 252664
[2023-11-27 23:53:57,890][root][INFO] - Number of Filtered Products: 188
[2023-11-27 23:53:57,899][root][INFO] - Joind Products and Observations Shape: (188, 51)
[2023-11-27 23:53:57,900][root][INFO] - N-Channels 3 applied. Shape: (188, 53)
[2023-11-27 23:53:57,901][root][INFO] - Processing Proposal ID: 4441
[2023-11-27 23:53:58,068][root][INFO] - Number of Observations: 6
[2023-11-27 23:54:06,688][root][INFO] - Number of Products: 75466
[2023-11-27 23:54:08,104][root][INFO] - Number of Filtered Products: 12
[2023-11-27 23:54:08,112][root][INFO] - Joind Products and Observations Shape: (12, 51)
[2023-11-27 23:54:08,113][root][INFO] - N-Channels 3 applied. Shape: (12, 53)
[2023-11-27 23:54:08,114][root][INFO] - Processing Proposal ID: 2739
[2023-11-27 23:54:08,583][root][INFO] - Number of Observations: 69
[2023-11-27 23:54:57,161][root][INFO] - Number of Products: 380993
[2023-11-27 23:55:04,636][root][INFO] - Number of Filtered Products: 138
[2023-11-27 23:55:04,645][root][INFO] - Joind Products and Observations Shape: (138, 51)
[2023-11-27 23:55:04,647][root][INFO] - N-Channels 3 applied. Shape: (134, 53)
[2023-11-27 23:55:04,677][__main__][INFO] - Extraction of jwst Finished!
