[2023-11-27 23:25:33,617][__main__][INFO] - Extraction of jwst Started!
[2023-11-27 23:25:34,586][root][INFO] - Number of Observations: 110
[2023-11-27 23:25:52,718][root][INFO] - Number of Products: 252664
[2023-11-27 23:25:57,643][root][INFO] - Number of Filtered Products: 188
[2023-11-27 23:25:57,652][root][INFO] - Joind Products and Observations Shape: (188, 51)
[2023-11-27 23:25:57,655][root][INFO] - N-Channels 3 applied. Shape: (188, 53)
[2023-11-27 23:25:58,212][root][INFO] - Number of Observations: 84
[2023-11-27 23:27:48,119][root][INFO] - Number of Products: 937276
[2023-11-27 23:28:05,622][root][INFO] - Number of Filtered Products: 168
[2023-11-27 23:28:05,636][root][INFO] - Joind Products and Observations Shape: (168, 51)
[2023-11-27 23:28:05,640][root][INFO] - N-Channels 3 applied. Shape: (168, 53)
[2023-11-27 23:28:05,817][root][INFO] - Number of Observations: 2
[2023-11-27 23:28:08,349][root][INFO] - Number of Products: 15192
[2023-11-27 23:28:08,651][root][INFO] - Number of Filtered Products: 4
[2023-11-27 23:28:08,659][root][INFO] - Joind Products and Observations Shape: (4, 51)
[2023-11-27 23:28:08,661][root][INFO] - N-Channels 3 applied. Shape: (0, 53)
[2023-11-27 23:28:08,933][root][INFO] - Number of Observations: 45
[2023-11-27 23:28:26,746][root][INFO] - Number of Products: 136050
[2023-11-27 23:28:29,213][root][INFO] - Number of Filtered Products: 90
[2023-11-27 23:28:29,221][root][INFO] - Joind Products and Observations Shape: (90, 51)
[2023-11-27 23:28:29,223][root][INFO] - N-Channels 3 applied. Shape: (90, 53)
[2023-11-27 23:28:29,420][root][INFO] - Number of Observations: 9
[2023-11-27 23:28:34,923][root][INFO] - Number of Products: 30364
[2023-11-27 23:28:35,516][root][INFO] - Number of Filtered Products: 18
[2023-11-27 23:28:35,524][root][INFO] - Joind Products and Observations Shape: (18, 51)
[2023-11-27 23:28:35,526][root][INFO] - N-Channels 3 applied. Shape: (18, 53)
[2023-11-27 23:28:35,824][root][INFO] - Number of Observations: 54
[2023-11-27 23:28:49,607][root][INFO] - Number of Products: 94764
[2023-11-27 23:28:51,353][root][INFO] - Number of Filtered Products: 108
[2023-11-27 23:28:51,360][root][INFO] - Joind Products and Observations Shape: (108, 51)
[2023-11-27 23:28:51,362][root][INFO] - N-Channels 3 applied. Shape: (108, 53)
[2023-11-27 23:28:51,519][root][INFO] - Number of Observations: 8
[2023-11-27 23:28:57,872][root][INFO] - Number of Products: 50088
[2023-11-27 23:28:58,824][root][INFO] - Number of Filtered Products: 16
[2023-11-27 23:28:58,832][root][INFO] - Joind Products and Observations Shape: (16, 51)
[2023-11-27 23:28:58,833][root][INFO] - N-Channels 3 applied. Shape: (16, 53)
[2023-11-27 23:28:59,054][root][INFO] - Number of Observations: 4
[2023-11-27 23:29:01,068][root][INFO] - Number of Products: 12624
[2023-11-27 23:29:01,318][root][INFO] - Number of Filtered Products: 8
[2023-11-27 23:29:01,325][root][INFO] - Joind Products and Observations Shape: (8, 51)
[2023-11-27 23:29:01,327][root][INFO] - N-Channels 3 applied. Shape: (8, 53)
[2023-11-27 23:29:01,512][root][INFO] - Number of Observations: 12
[2023-11-27 23:29:05,067][root][INFO] - Number of Products: 27316
[2023-11-27 23:29:05,594][root][INFO] - Number of Filtered Products: 24
[2023-11-27 23:29:05,601][root][INFO] - Joind Products and Observations Shape: (24, 51)
[2023-11-27 23:29:05,603][root][INFO] - N-Channels 3 applied. Shape: (24, 53)
[2023-11-27 23:29:05,729][root][INFO] - Number of Observations: 110
[2023-11-27 23:29:23,350][root][INFO] - Number of Products: 252664
[2023-11-27 23:29:28,095][root][INFO] - Number of Filtered Products: 188
[2023-11-27 23:29:28,103][root][INFO] - Joind Products and Observations Shape: (188, 51)
[2023-11-27 23:29:28,105][root][INFO] - N-Channels 3 applied. Shape: (188, 53)
[2023-11-27 23:29:28,273][root][INFO] - Number of Observations: 6
[2023-11-27 23:29:37,298][root][INFO] - Number of Products: 75466
[2023-11-27 23:29:38,714][root][INFO] - Number of Filtered Products: 12
[2023-11-27 23:29:38,721][root][INFO] - Joind Products and Observations Shape: (12, 51)
[2023-11-27 23:29:38,722][root][INFO] - N-Channels 3 applied. Shape: (12, 53)
[2023-11-27 23:29:39,192][root][INFO] - Number of Observations: 69
[2023-11-27 23:30:26,769][root][INFO] - Number of Products: 380993
[2023-11-27 23:30:33,696][root][INFO] - Number of Filtered Products: 138
[2023-11-27 23:30:33,704][root][INFO] - Joind Products and Observations Shape: (138, 51)
[2023-11-27 23:30:33,706][root][INFO] - N-Channels 3 applied. Shape: (134, 53)
